<?xml version="1.0" encoding="UTF-8"?>
<coverage generated="1782522140810" clover="3.2.0">
  <project timestamp="1782522140810" name="All files">
    <metrics statements="25" coveredstatements="11" conditionals="12" coveredconditionals="3" methods="7" coveredmethods="3" elements="44" coveredelements="17" complexity="0" loc="25" ncloc="25" packages="2" files="2" classes="2"/>
    <package name="services">
      <metrics statements="22" coveredstatements="8" conditionals="12" coveredconditionals="3" methods="6" coveredmethods="2"/>
      <file name="commitment.service.ts" path="D:\Back end\commitment-management-system\src\services\commitment.service.ts">
        <metrics statements="22" coveredstatements="8" conditionals="12" coveredconditionals="3" methods="6" coveredmethods="2"/>
        <line num="1" count="1" type="stmt"/>
        <line num="3" count="1" type="stmt"/>
        <line num="5" count="1" type="stmt"/>
        <line num="9" count="2" type="cond" truecount="1" falsecount="1"/>
        <line num="13" count="2" type="cond" truecount="2" falsecount="0"/>
        <line num="14" count="1" type="stmt"/>
        <line num="17" count="1" type="stmt"/>
        <line num="18" count="1" type="stmt"/>
        <line num="27" count="0" type="stmt"/>
        <line num="31" count="0" type="stmt"/>
        <line num="32" count="0" type="cond" truecount="0" falsecount="2"/>
        <line num="33" count="0" type="stmt"/>
        <line num="37" count="0" type="stmt"/>
        <line num="38" count="0" type="cond" truecount="0" falsecount="2"/>
        <line num="40" count="0" type="stmt"/>
        <line num="42" count="0" type="cond" truecount="0" falsecount="2"/>
        <line num="43" count="0" type="stmt"/>
        <line num="46" count="0" type="stmt"/>
        <line num="47" count="0" type="stmt"/>
        <line num="51" count="0" type="stmt"/>
        <line num="52" count="0" type="cond" truecount="0" falsecount="2"/>
        <line num="53" count="0" type="stmt"/>
      </file>
    </package>
    <package name="utils">
      <metrics statements="3" coveredstatements="3" conditionals="0" coveredconditionals="0" methods="1" coveredmethods="1"/>
      <file name="api-error.ts" path="D:\Back end\commitment-management-system\src\utils\api-error.ts">
        <metrics statements="3" coveredstatements="3" conditionals="0" coveredconditionals="0" methods="1" coveredmethods="1"/>
        <line num="1" count="1" type="stmt"/>
        <line num="5" count="1" type="stmt"/>
        <line num="6" count="1" type="stmt"/>
      </file>
    </package>
  </project>
</coverage>
