{"D:\\Back end\\commitment-management-system\\src\\services\\commitment.service.ts": {"path":"D:\\Back end\\commitment-management-system\\src\\services\\commitment.service.ts","statementMap":{"0":{"start":{"line":1,"column":0},"end":{"line":1,"column":77}},"1":{"start":{"line":3,"column":0},"end":{"line":3,"column":46}},"2":{"start":{"line":9,"column":4},"end":{"line":9,"column":63}},"3":{"start":{"line":13,"column":4},"end":{"line":15,"column":5}},"4":{"start":{"line":14,"column":6},"end":{"line":14,"column":78}},"5":{"start":{"line":17,"column":16},"end":{"line":17,"column":40}},"6":{"start":{"line":18,"column":4},"end":{"line":23,"column":7}},"7":{"start":{"line":27,"column":4},"end":{"line":27,"column":49}},"8":{"start":{"line":31,"column":17},"end":{"line":31,"column":51}},"9":{"start":{"line":32,"column":4},"end":{"line":32,"column":63}},"10":{"start":{"line":32,"column":15},"end":{"line":32,"column":63}},"11":{"start":{"line":33,"column":4},"end":{"line":33,"column":16}},"12":{"start":{"line":37,"column":21},"end":{"line":37,"column":55}},"13":{"start":{"line":38,"column":4},"end":{"line":38,"column":67}},"14":{"start":{"line":38,"column":19},"end":{"line":38,"column":67}},"15":{"start":{"line":40,"column":19},"end":{"line":40,"column":80}},"16":{"start":{"line":42,"column":4},"end":{"line":44,"column":5}},"17":{"start":{"line":43,"column":6},"end":{"line":43,"column":78}},"18":{"start":{"line":46,"column":4},"end":{"line":46,"column":45}},"19":{"start":{"line":47,"column":4},"end":{"line":47,"column":29}},"20":{"start":{"line":51,"column":21},"end":{"line":51,"column":55}},"21":{"start":{"line":52,"column":4},"end":{"line":52,"column":67}},"22":{"start":{"line":52,"column":19},"end":{"line":52,"column":67}},"23":{"start":{"line":53,"column":4},"end":{"line":53,"column":37}},"24":{"start":{"line":5,"column":0},"end":{"line":5,"column":13}}},"fnMap":{"0":{"name":"(anonymous_0)","decl":{"start":{"line":8,"column":2},"end":{"line":8,"column":14}},"loc":{"start":{"line":8,"column":47},"end":{"line":10,"column":3}}},"1":{"name":"(anonymous_1)","decl":{"start":{"line":12,"column":2},"end":{"line":12,"column":7}},"loc":{"start":{"line":12,"column":47},"end":{"line":24,"column":3}}},"2":{"name":"(anonymous_2)","decl":{"start":{"line":26,"column":2},"end":{"line":26,"column":7}},"loc":{"start":{"line":26,"column":29},"end":{"line":28,"column":3}}},"3":{"name":"(anonymous_3)","decl":{"start":{"line":30,"column":2},"end":{"line":30,"column":7}},"loc":{"start":{"line":30,"column":26},"end":{"line":34,"column":3}}},"4":{"name":"(anonymous_4)","decl":{"start":{"line":36,"column":2},"end":{"line":36,"column":7}},"loc":{"start":{"line":36,"column":52},"end":{"line":48,"column":3}}},"5":{"name":"(anonymous_5)","decl":{"start":{"line":50,"column":2},"end":{"line":50,"column":7}},"loc":{"start":{"line":50,"column":25},"end":{"line":54,"column":3}}}},"branchMap":{"0":{"loc":{"start":{"line":9,"column":22},"end":{"line":9,"column":62}},"type":"binary-expr","locations":[{"start":{"line":9,"column":22},"end":{"line":9,"column":32}},{"start":{"line":9,"column":36},"end":{"line":9,"column":62}}]},"1":{"loc":{"start":{"line":13,"column":4},"end":{"line":15,"column":5}},"type":"if","locations":[{"start":{"line":13,"column":4},"end":{"line":15,"column":5}},{"start":{},"end":{}}]},"2":{"loc":{"start":{"line":32,"column":4},"end":{"line":32,"column":63}},"type":"if","locations":[{"start":{"line":32,"column":4},"end":{"line":32,"column":63}},{"start":{},"end":{}}]},"3":{"loc":{"start":{"line":38,"column":4},"end":{"line":38,"column":67}},"type":"if","locations":[{"start":{"line":38,"column":4},"end":{"line":38,"column":67}},{"start":{},"end":{}}]},"4":{"loc":{"start":{"line":42,"column":4},"end":{"line":44,"column":5}},"type":"if","locations":[{"start":{"line":42,"column":4},"end":{"line":44,"column":5}},{"start":{},"end":{}}]},"5":{"loc":{"start":{"line":52,"column":4},"end":{"line":52,"column":67}},"type":"if","locations":[{"start":{"line":52,"column":4},"end":{"line":52,"column":67}},{"start":{},"end":{}}]}},"s":{"0":1,"1":1,"2":2,"3":2,"4":1,"5":1,"6":1,"7":0,"8":0,"9":0,"10":0,"11":0,"12":0,"13":0,"14":0,"15":0,"16":0,"17":0,"18":0,"19":0,"20":0,"21":0,"22":0,"23":0,"24":1},"f":{"0":2,"1":2,"2":0,"3":0,"4":0,"5":0},"b":{"0":[2,0],"1":[1,1],"2":[0,0],"3":[0,0],"4":[0,0],"5":[0,0]}}
,"D:\\Back end\\commitment-management-system\\src\\utils\\api-error.ts": {"path":"D:\\Back end\\commitment-management-system\\src\\utils\\api-error.ts","statementMap":{"0":{"start":{"line":5,"column":4},"end":{"line":5,"column":19}},"1":{"start":{"line":6,"column":4},"end":{"line":6,"column":33}},"2":{"start":{"line":1,"column":0},"end":{"line":1,"column":13}}},"fnMap":{"0":{"name":"(anonymous_0)","decl":{"start":{"line":4,"column":2},"end":{"line":4,"column":14}},"loc":{"start":{"line":4,"column":49},"end":{"line":7,"column":3}}}},"branchMap":{},"s":{"0":1,"1":1,"2":1},"f":{"0":1},"b":{}}
}
