{"D:\\Back end\\commitment-management-system\\src\\config\\env.ts": {"path":"D:\\Back end\\commitment-management-system\\src\\config\\env.ts","statementMap":{"0":{"start":{"line":1,"column":0},"end":{"line":1,"column":28}},"1":{"start":{"line":3,"column":0},"end":{"line":3,"column":16}},"2":{"start":{"line":5,"column":13},"end":{"line":10,"column":2}}},"fnMap":{},"branchMap":{"0":{"loc":{"start":{"line":6,"column":8},"end":{"line":6,"column":34}},"type":"binary-expr","locations":[{"start":{"line":6,"column":8},"end":{"line":6,"column":24}},{"start":{"line":6,"column":28},"end":{"line":6,"column":34}}]},"1":{"loc":{"start":{"line":7,"column":21},"end":{"line":7,"column":58}},"type":"binary-expr","locations":[{"start":{"line":7,"column":21},"end":{"line":7,"column":52}},{"start":{"line":7,"column":56},"end":{"line":7,"column":58}}]},"2":{"loc":{"start":{"line":8,"column":23},"end":{"line":8,"column":62}},"type":"binary-expr","locations":[{"start":{"line":8,"column":23},"end":{"line":8,"column":56}},{"start":{"line":8,"column":60},"end":{"line":8,"column":62}}]},"3":{"loc":{"start":{"line":9,"column":23},"end":{"line":9,"column":61}},"type":"binary-expr","locations":[{"start":{"line":9,"column":23},"end":{"line":9,"column":55}},{"start":{"line":9,"column":59},"end":{"line":9,"column":61}}]}},"s":{"0":4,"1":4,"2":4},"f":{},"b":{"0":[4,0],"1":[4,0],"2":[4,0],"3":[4,0]}}
,"D:\\Back end\\commitment-management-system\\src\\config\\firebase.ts": {"path":"D:\\Back end\\commitment-management-system\\src\\config\\firebase.ts","statementMap":{"0":{"start":{"line":1,"column":0},"end":{"line":1,"column":57}},"1":{"start":{"line":2,"column":0},"end":{"line":2,"column":56}},"2":{"start":{"line":3,"column":0},"end":{"line":3,"column":46}},"3":{"start":{"line":4,"column":0},"end":{"line":4,"column":28}},"4":{"start":{"line":6,"column":12},"end":{"line":12,"column":2}},"5":{"start":{"line":14,"column":13},"end":{"line":14,"column":36}},"6":{"start":{"line":15,"column":13},"end":{"line":15,"column":33}}},"fnMap":{},"branchMap":{},"s":{"0":4,"1":4,"2":4,"3":4,"4":4,"5":4,"6":4},"f":{},"b":{}}
,"D:\\Back end\\commitment-management-system\\src\\repositories\\activity-log.repository.ts": {"path":"D:\\Back end\\commitment-management-system\\src\\repositories\\activity-log.repository.ts","statementMap":{"0":{"start":{"line":1,"column":0},"end":{"line":1,"column":40}},"1":{"start":{"line":4,"column":19},"end":{"line":4,"column":48}},"2":{"start":{"line":8,"column":19},"end":{"line":8,"column":45}},"3":{"start":{"line":9,"column":4},"end":{"line":9,"column":38}},"4":{"start":{"line":13,"column":21},"end":{"line":13,"column":73}},"5":{"start":{"line":15,"column":4},"end":{"line":18,"column":8}},"6":{"start":{"line":15,"column":39},"end":{"line":18,"column":6}},"7":{"start":{"line":22,"column":16},"end":{"line":22,"column":46}},"8":{"start":{"line":24,"column":4},"end":{"line":26,"column":5}},"9":{"start":{"line":25,"column":6},"end":{"line":25,"column":18}},"10":{"start":{"line":28,"column":4},"end":{"line":28,"column":58}},"11":{"start":{"line":32,"column":21},"end":{"line":35,"column":12}},"12":{"start":{"line":37,"column":4},"end":{"line":40,"column":8}},"13":{"start":{"line":37,"column":39},"end":{"line":40,"column":6}},"14":{"start":{"line":6,"column":0},"end":{"line":6,"column":13}}},"fnMap":{"0":{"name":"(anonymous_0)","decl":{"start":{"line":7,"column":2},"end":{"line":7,"column":7}},"loc":{"start":{"line":7,"column":32},"end":{"line":10,"column":3}}},"1":{"name":"(anonymous_1)","decl":{"start":{"line":12,"column":2},"end":{"line":12,"column":7}},"loc":{"start":{"line":12,"column":36},"end":{"line":19,"column":3}}},"2":{"name":"(anonymous_2)","decl":{"start":{"line":15,"column":29},"end":{"line":15,"column":30}},"loc":{"start":{"line":15,"column":39},"end":{"line":18,"column":6}}},"3":{"name":"(anonymous_3)","decl":{"start":{"line":21,"column":2},"end":{"line":21,"column":7}},"loc":{"start":{"line":21,"column":27},"end":{"line":29,"column":3}}},"4":{"name":"(anonymous_4)","decl":{"start":{"line":31,"column":2},"end":{"line":31,"column":7}},"loc":{"start":{"line":31,"column":63},"end":{"line":41,"column":3}}},"5":{"name":"(anonymous_5)","decl":{"start":{"line":37,"column":29},"end":{"line":37,"column":30}},"loc":{"start":{"line":37,"column":39},"end":{"line":40,"column":6}}}},"branchMap":{"0":{"loc":{"start":{"line":24,"column":4},"end":{"line":26,"column":5}},"type":"if","locations":[{"start":{"line":24,"column":4},"end":{"line":26,"column":5}}]}},"s":{"0":3,"1":3,"2":0,"3":0,"4":0,"5":0,"6":0,"7":0,"8":0,"9":0,"10":0,"11":0,"12":0,"13":0,"14":3},"f":{"0":0,"1":0,"2":0,"3":0,"4":0,"5":0},"b":{"0":[0]}}
,"D:\\Back end\\commitment-management-system\\src\\repositories\\category.repository.ts": {"path":"D:\\Back end\\commitment-management-system\\src\\repositories\\category.repository.ts","statementMap":{"0":{"start":{"line":1,"column":0},"end":{"line":1,"column":40}},"1":{"start":{"line":4,"column":19},"end":{"line":4,"column":46}},"2":{"start":{"line":8,"column":19},"end":{"line":8,"column":45}},"3":{"start":{"line":9,"column":4},"end":{"line":9,"column":38}},"4":{"start":{"line":13,"column":21},"end":{"line":13,"column":73}},"5":{"start":{"line":15,"column":4},"end":{"line":18,"column":8}},"6":{"start":{"line":15,"column":39},"end":{"line":18,"column":6}},"7":{"start":{"line":22,"column":16},"end":{"line":22,"column":46}},"8":{"start":{"line":24,"column":4},"end":{"line":26,"column":5}},"9":{"start":{"line":25,"column":6},"end":{"line":25,"column":18}},"10":{"start":{"line":28,"column":4},"end":{"line":28,"column":55}},"11":{"start":{"line":32,"column":21},"end":{"line":36,"column":12}},"12":{"start":{"line":38,"column":4},"end":{"line":40,"column":5}},"13":{"start":{"line":39,"column":6},"end":{"line":39,"column":18}},"14":{"start":{"line":42,"column":16},"end":{"line":42,"column":32}},"15":{"start":{"line":43,"column":4},"end":{"line":43,"column":55}},"16":{"start":{"line":47,"column":4},"end":{"line":47,"column":42}},"17":{"start":{"line":51,"column":4},"end":{"line":51,"column":38}},"18":{"start":{"line":6,"column":0},"end":{"line":6,"column":13}}},"fnMap":{"0":{"name":"(anonymous_0)","decl":{"start":{"line":7,"column":2},"end":{"line":7,"column":7}},"loc":{"start":{"line":7,"column":29},"end":{"line":10,"column":3}}},"1":{"name":"(anonymous_1)","decl":{"start":{"line":12,"column":2},"end":{"line":12,"column":7}},"loc":{"start":{"line":12,"column":36},"end":{"line":19,"column":3}}},"2":{"name":"(anonymous_2)","decl":{"start":{"line":15,"column":29},"end":{"line":15,"column":30}},"loc":{"start":{"line":15,"column":39},"end":{"line":18,"column":6}}},"3":{"name":"(anonymous_3)","decl":{"start":{"line":21,"column":2},"end":{"line":21,"column":7}},"loc":{"start":{"line":21,"column":27},"end":{"line":29,"column":3}}},"4":{"name":"(anonymous_4)","decl":{"start":{"line":31,"column":2},"end":{"line":31,"column":7}},"loc":{"start":{"line":31,"column":47},"end":{"line":44,"column":3}}},"5":{"name":"(anonymous_5)","decl":{"start":{"line":46,"column":2},"end":{"line":46,"column":7}},"loc":{"start":{"line":46,"column":50},"end":{"line":48,"column":3}}},"6":{"name":"(anonymous_6)","decl":{"start":{"line":50,"column":2},"end":{"line":50,"column":7}},"loc":{"start":{"line":50,"column":25},"end":{"line":52,"column":3}}}},"branchMap":{"0":{"loc":{"start":{"line":24,"column":4},"end":{"line":26,"column":5}},"type":"if","locations":[{"start":{"line":24,"column":4},"end":{"line":26,"column":5}}]},"1":{"loc":{"start":{"line":38,"column":4},"end":{"line":40,"column":5}},"type":"if","locations":[{"start":{"line":38,"column":4},"end":{"line":40,"column":5}}]}},"s":{"0":3,"1":3,"2":0,"3":0,"4":0,"5":0,"6":0,"7":0,"8":0,"9":0,"10":0,"11":0,"12":0,"13":0,"14":0,"15":0,"16":0,"17":0,"18":3},"f":{"0":0,"1":0,"2":0,"3":0,"4":0,"5":0,"6":0},"b":{"0":[0],"1":[0]}}
,"D:\\Back end\\commitment-management-system\\src\\repositories\\commitment.repository.ts": {"path":"D:\\Back end\\commitment-management-system\\src\\repositories\\commitment.repository.ts","statementMap":{"0":{"start":{"line":1,"column":0},"end":{"line":1,"column":40}},"1":{"start":{"line":4,"column":19},"end":{"line":4,"column":47}},"2":{"start":{"line":8,"column":19},"end":{"line":8,"column":45}},"3":{"start":{"line":9,"column":4},"end":{"line":9,"column":38}},"4":{"start":{"line":13,"column":21},"end":{"line":13,"column":73}},"5":{"start":{"line":15,"column":4},"end":{"line":18,"column":8}},"6":{"start":{"line":15,"column":39},"end":{"line":18,"column":6}},"7":{"start":{"line":22,"column":16},"end":{"line":22,"column":46}},"8":{"start":{"line":24,"column":4},"end":{"line":26,"column":5}},"9":{"start":{"line":25,"column":6},"end":{"line":25,"column":18}},"10":{"start":{"line":28,"column":4},"end":{"line":28,"column":57}},"11":{"start":{"line":32,"column":4},"end":{"line":32,"column":42}},"12":{"start":{"line":36,"column":4},"end":{"line":36,"column":38}},"13":{"start":{"line":40,"column":21},"end":{"line":43,"column":12}},"14":{"start":{"line":45,"column":4},"end":{"line":48,"column":8}},"15":{"start":{"line":45,"column":39},"end":{"line":48,"column":6}},"16":{"start":{"line":6,"column":0},"end":{"line":6,"column":13}}},"fnMap":{"0":{"name":"(anonymous_0)","decl":{"start":{"line":7,"column":2},"end":{"line":7,"column":7}},"loc":{"start":{"line":7,"column":31},"end":{"line":10,"column":3}}},"1":{"name":"(anonymous_1)","decl":{"start":{"line":12,"column":2},"end":{"line":12,"column":7}},"loc":{"start":{"line":12,"column":36},"end":{"line":19,"column":3}}},"2":{"name":"(anonymous_2)","decl":{"start":{"line":15,"column":29},"end":{"line":15,"column":30}},"loc":{"start":{"line":15,"column":39},"end":{"line":18,"column":6}}},"3":{"name":"(anonymous_3)","decl":{"start":{"line":21,"column":2},"end":{"line":21,"column":7}},"loc":{"start":{"line":21,"column":27},"end":{"line":29,"column":3}}},"4":{"name":"(anonymous_4)","decl":{"start":{"line":31,"column":2},"end":{"line":31,"column":7}},"loc":{"start":{"line":31,"column":52},"end":{"line":33,"column":3}}},"5":{"name":"(anonymous_5)","decl":{"start":{"line":35,"column":2},"end":{"line":35,"column":7}},"loc":{"start":{"line":35,"column":25},"end":{"line":37,"column":3}}},"6":{"name":"(anonymous_6)","decl":{"start":{"line":39,"column":2},"end":{"line":39,"column":7}},"loc":{"start":{"line":39,"column":59},"end":{"line":49,"column":3}}},"7":{"name":"(anonymous_7)","decl":{"start":{"line":45,"column":29},"end":{"line":45,"column":30}},"loc":{"start":{"line":45,"column":39},"end":{"line":48,"column":6}}}},"branchMap":{"0":{"loc":{"start":{"line":24,"column":4},"end":{"line":26,"column":5}},"type":"if","locations":[{"start":{"line":24,"column":4},"end":{"line":26,"column":5}}]}},"s":{"0":4,"1":4,"2":0,"3":0,"4":0,"5":0,"6":0,"7":0,"8":0,"9":0,"10":0,"11":0,"12":0,"13":0,"14":0,"15":0,"16":4},"f":{"0":0,"1":0,"2":0,"3":0,"4":0,"5":0,"6":0,"7":0},"b":{"0":[0]}}
,"D:\\Back end\\commitment-management-system\\src\\repositories\\reminder.repository.ts": {"path":"D:\\Back end\\commitment-management-system\\src\\repositories\\reminder.repository.ts","statementMap":{"0":{"start":{"line":1,"column":0},"end":{"line":1,"column":40}},"1":{"start":{"line":4,"column":19},"end":{"line":4,"column":45}},"2":{"start":{"line":8,"column":19},"end":{"line":8,"column":45}},"3":{"start":{"line":9,"column":4},"end":{"line":9,"column":38}},"4":{"start":{"line":13,"column":21},"end":{"line":13,"column":73}},"5":{"start":{"line":14,"column":4},"end":{"line":14,"column":85}},"6":{"start":{"line":14,"column":39},"end":{"line":14,"column":82}},"7":{"start":{"line":18,"column":16},"end":{"line":18,"column":46}},"8":{"start":{"line":20,"column":4},"end":{"line":22,"column":5}},"9":{"start":{"line":21,"column":6},"end":{"line":21,"column":18}},"10":{"start":{"line":24,"column":4},"end":{"line":24,"column":55}},"11":{"start":{"line":28,"column":21},"end":{"line":31,"column":12}},"12":{"start":{"line":33,"column":4},"end":{"line":33,"column":85}},"13":{"start":{"line":33,"column":39},"end":{"line":33,"column":82}},"14":{"start":{"line":37,"column":4},"end":{"line":37,"column":42}},"15":{"start":{"line":41,"column":4},"end":{"line":41,"column":38}},"16":{"start":{"line":6,"column":0},"end":{"line":6,"column":13}}},"fnMap":{"0":{"name":"(anonymous_0)","decl":{"start":{"line":7,"column":2},"end":{"line":7,"column":7}},"loc":{"start":{"line":7,"column":29},"end":{"line":10,"column":3}}},"1":{"name":"(anonymous_1)","decl":{"start":{"line":12,"column":2},"end":{"line":12,"column":7}},"loc":{"start":{"line":12,"column":36},"end":{"line":15,"column":3}}},"2":{"name":"(anonymous_2)","decl":{"start":{"line":14,"column":29},"end":{"line":14,"column":30}},"loc":{"start":{"line":14,"column":39},"end":{"line":14,"column":82}}},"3":{"name":"(anonymous_3)","decl":{"start":{"line":17,"column":2},"end":{"line":17,"column":7}},"loc":{"start":{"line":17,"column":27},"end":{"line":25,"column":3}}},"4":{"name":"(anonymous_4)","decl":{"start":{"line":27,"column":2},"end":{"line":27,"column":7}},"loc":{"start":{"line":27,"column":63},"end":{"line":34,"column":3}}},"5":{"name":"(anonymous_5)","decl":{"start":{"line":33,"column":29},"end":{"line":33,"column":30}},"loc":{"start":{"line":33,"column":39},"end":{"line":33,"column":82}}},"6":{"name":"(anonymous_6)","decl":{"start":{"line":36,"column":2},"end":{"line":36,"column":7}},"loc":{"start":{"line":36,"column":50},"end":{"line":38,"column":3}}},"7":{"name":"(anonymous_7)","decl":{"start":{"line":40,"column":2},"end":{"line":40,"column":7}},"loc":{"start":{"line":40,"column":25},"end":{"line":42,"column":3}}}},"branchMap":{"0":{"loc":{"start":{"line":20,"column":4},"end":{"line":22,"column":5}},"type":"if","locations":[{"start":{"line":20,"column":4},"end":{"line":22,"column":5}}]}},"s":{"0":2,"1":2,"2":0,"3":0,"4":0,"5":0,"6":0,"7":0,"8":0,"9":0,"10":0,"11":0,"12":0,"13":0,"14":0,"15":0,"16":2},"f":{"0":0,"1":0,"2":0,"3":0,"4":0,"5":0,"6":0,"7":0},"b":{"0":[0]}}
,"D:\\Back end\\commitment-management-system\\src\\services\\activity-log.service.ts": {"path":"D:\\Back end\\commitment-management-system\\src\\services\\activity-log.service.ts","statementMap":{"0":{"start":{"line":2,"column":0},"end":{"line":2,"column":80}},"1":{"start":{"line":14,"column":22},"end":{"line":14,"column":35}},"2":{"start":{"line":17,"column":33},"end":{"line":25,"column":6}},"3":{"start":{"line":27,"column":4},"end":{"line":27,"column":43}},"4":{"start":{"line":31,"column":4},"end":{"line":31,"column":49}},"5":{"start":{"line":35,"column":16},"end":{"line":35,"column":50}},"6":{"start":{"line":37,"column":4},"end":{"line":39,"column":5}},"7":{"start":{"line":38,"column":6},"end":{"line":38,"column":18}},"8":{"start":{"line":41,"column":4},"end":{"line":41,"column":15}},"9":{"start":{"line":45,"column":4},"end":{"line":45,"column":68}},"10":{"start":{"line":13,"column":0},"end":{"line":13,"column":13}}},"fnMap":{"0":{"name":"(anonymous_0)","decl":{"start":{"line":14,"column":2},"end":{"line":14,"column":22}},"loc":{"start":{"line":14,"column":62},"end":{"line":14,"column":66}}},"1":{"name":"(anonymous_1)","decl":{"start":{"line":16,"column":2},"end":{"line":16,"column":7}},"loc":{"start":{"line":16,"column":44},"end":{"line":28,"column":3}}},"2":{"name":"(anonymous_2)","decl":{"start":{"line":30,"column":2},"end":{"line":30,"column":7}},"loc":{"start":{"line":30,"column":29},"end":{"line":32,"column":3}}},"3":{"name":"(anonymous_3)","decl":{"start":{"line":34,"column":2},"end":{"line":34,"column":7}},"loc":{"start":{"line":34,"column":42},"end":{"line":42,"column":3}}},"4":{"name":"(anonymous_4)","decl":{"start":{"line":44,"column":2},"end":{"line":44,"column":7}},"loc":{"start":{"line":44,"column":62},"end":{"line":46,"column":3}}}},"branchMap":{"0":{"loc":{"start":{"line":14,"column":22},"end":{"line":14,"column":62}},"type":"default-arg","locations":[{"start":{"line":14,"column":35},"end":{"line":14,"column":62}}]},"1":{"loc":{"start":{"line":21,"column":20},"end":{"line":21,"column":46}},"type":"binary-expr","locations":[{"start":{"line":21,"column":20},"end":{"line":21,"column":38}},{"start":{"line":21,"column":42},"end":{"line":21,"column":46}}]},"2":{"loc":{"start":{"line":22,"column":18},"end":{"line":22,"column":42}},"type":"binary-expr","locations":[{"start":{"line":22,"column":18},"end":{"line":22,"column":34}},{"start":{"line":22,"column":38},"end":{"line":22,"column":42}}]},"3":{"loc":{"start":{"line":23,"column":18},"end":{"line":23,"column":42}},"type":"binary-expr","locations":[{"start":{"line":23,"column":18},"end":{"line":23,"column":34}},{"start":{"line":23,"column":38},"end":{"line":23,"column":42}}]},"4":{"loc":{"start":{"line":37,"column":4},"end":{"line":39,"column":5}},"type":"if","locations":[{"start":{"line":37,"column":4},"end":{"line":39,"column":5}}]},"5":{"loc":{"start":{"line":37,"column":8},"end":{"line":37,"column":37}},"type":"binary-expr","locations":[{"start":{"line":37,"column":8},"end":{"line":37,"column":12}},{"start":{"line":37,"column":16},"end":{"line":37,"column":37}}]}},"s":{"0":3,"1":0,"2":0,"3":0,"4":0,"5":0,"6":0,"7":0,"8":0,"9":0,"10":3},"f":{"0":0,"1":0,"2":0,"3":0,"4":0},"b":{"0":[0],"1":[0,0],"2":[0,0],"3":[0,0],"4":[0],"5":[0,0]}}
,"D:\\Back end\\commitment-management-system\\src\\services\\analytics.service.ts": {"path":"D:\\Back end\\commitment-management-system\\src\\services\\analytics.service.ts","statementMap":{"0":{"start":{"line":2,"column":0},"end":{"line":2,"column":77}},"1":{"start":{"line":3,"column":0},"end":{"line":3,"column":73}},"2":{"start":{"line":7,"column":12},"end":{"line":7,"column":35}},"3":{"start":{"line":8,"column":12},"end":{"line":8,"column":33}},"4":{"start":{"line":12,"column":18},"end":{"line":12,"column":47}},"5":{"start":{"line":13,"column":20},"end":{"line":13,"column":51}},"6":{"start":{"line":14,"column":17},"end":{"line":14,"column":32}},"7":{"start":{"line":16,"column":4},"end":{"line":16,"column":64}},"8":{"start":{"line":20,"column":4},"end":{"line":22,"column":78}},"9":{"start":{"line":26,"column":24},"end":{"line":26,"column":77}},"10":{"start":{"line":28,"column":22},"end":{"line":28,"column":79}},"11":{"start":{"line":28,"column":51},"end":{"line":28,"column":78}},"12":{"start":{"line":29,"column":20},"end":{"line":29,"column":75}},"13":{"start":{"line":29,"column":49},"end":{"line":29,"column":74}},"14":{"start":{"line":30,"column":23},"end":{"line":30,"column":73}},"15":{"start":{"line":30,"column":50},"end":{"line":30,"column":72}},"16":{"start":{"line":33,"column":6},"end":{"line":44,"column":null}},"17":{"start":{"line":38,"column":16},"end":{"line":40,"column":17}},"18":{"start":{"line":39,"column":18},"end":{"line":39,"column":29}},"19":{"start":{"line":42,"column":16},"end":{"line":42,"column":78}},"20":{"start":{"line":47,"column":4},"end":{"line":53,"column":6}},"21":{"start":{"line":57,"column":23},"end":{"line":57,"column":74}},"22":{"start":{"line":58,"column":24},"end":{"line":58,"column":77}},"23":{"start":{"line":60,"column":20},"end":{"line":76,"column":6}},"24":{"start":{"line":61,"column":20},"end":{"line":61,"column":75}},"25":{"start":{"line":61,"column":46},"end":{"line":61,"column":74}},"26":{"start":{"line":62,"column":27},"end":{"line":67,"column":null}},"27":{"start":{"line":64,"column":10},"end":{"line":67,"column":58}},"28":{"start":{"line":70,"column":6},"end":{"line":75,"column":8}},"29":{"start":{"line":78,"column":4},"end":{"line":78,"column":79}},"30":{"start":{"line":78,"column":34},"end":{"line":78,"column":77}},"31":{"start":{"line":82,"column":24},"end":{"line":82,"column":77}},"32":{"start":{"line":84,"column":31},"end":{"line":105,"column":52}},"33":{"start":{"line":87,"column":10},"end":{"line":90,"column":64}},"34":{"start":{"line":94,"column":10},"end":{"line":96,"column":38}},"35":{"start":{"line":98,"column":8},"end":{"line":103,"column":10}},"36":{"start":{"line":105,"column":22},"end":{"line":105,"column":51}},"37":{"start":{"line":107,"column":4},"end":{"line":107,"column":30}},"38":{"start":{"line":5,"column":0},"end":{"line":5,"column":13}}},"fnMap":{"0":{"name":"(anonymous_0)","decl":{"start":{"line":6,"column":2},"end":{"line":6,"column":null}},"loc":{"start":{"line":8,"column":57},"end":{"line":9,"column":6}}},"1":{"name":"(anonymous_1)","decl":{"start":{"line":11,"column":10},"end":{"line":11,"column":21}},"loc":{"start":{"line":11,"column":60},"end":{"line":17,"column":3}}},"2":{"name":"(anonymous_2)","decl":{"start":{"line":19,"column":10},"end":{"line":19,"column":21}},"loc":{"start":{"line":19,"column":44},"end":{"line":23,"column":3}}},"3":{"name":"(anonymous_3)","decl":{"start":{"line":25,"column":2},"end":{"line":25,"column":7}},"loc":{"start":{"line":25,"column":33},"end":{"line":54,"column":3}}},"4":{"name":"(anonymous_4)","decl":{"start":{"line":28,"column":41},"end":{"line":28,"column":42}},"loc":{"start":{"line":28,"column":51},"end":{"line":28,"column":78}}},"5":{"name":"(anonymous_5)","decl":{"start":{"line":29,"column":39},"end":{"line":29,"column":40}},"loc":{"start":{"line":29,"column":49},"end":{"line":29,"column":74}}},"6":{"name":"(anonymous_6)","decl":{"start":{"line":30,"column":40},"end":{"line":30,"column":41}},"loc":{"start":{"line":30,"column":50},"end":{"line":30,"column":72}}},"7":{"name":"(anonymous_7)","decl":{"start":{"line":37,"column":31},"end":{"line":37,"column":32}},"loc":{"start":{"line":37,"column":45},"end":{"line":43,"column":15}}},"8":{"name":"(anonymous_8)","decl":{"start":{"line":56,"column":2},"end":{"line":56,"column":7}},"loc":{"start":{"line":56,"column":43},"end":{"line":79,"column":3}}},"9":{"name":"(anonymous_9)","decl":{"start":{"line":60,"column":35},"end":{"line":60,"column":36}},"loc":{"start":{"line":60,"column":48},"end":{"line":76,"column":5}}},"10":{"name":"(anonymous_10)","decl":{"start":{"line":61,"column":39},"end":{"line":61,"column":40}},"loc":{"start":{"line":61,"column":46},"end":{"line":61,"column":74}}},"11":{"name":"(anonymous_11)","decl":{"start":{"line":63,"column":8},"end":{"line":63,"column":9}},"loc":{"start":{"line":64,"column":10},"end":{"line":67,"column":58}}},"12":{"name":"(anonymous_12)","decl":{"start":{"line":78,"column":24},"end":{"line":78,"column":25}},"loc":{"start":{"line":78,"column":34},"end":{"line":78,"column":77}}},"13":{"name":"(anonymous_13)","decl":{"start":{"line":81,"column":2},"end":{"line":81,"column":7}},"loc":{"start":{"line":81,"column":40},"end":{"line":108,"column":3}}},"14":{"name":"(anonymous_14)","decl":{"start":{"line":86,"column":8},"end":{"line":86,"column":9}},"loc":{"start":{"line":87,"column":10},"end":{"line":90,"column":64}}},"15":{"name":"(anonymous_15)","decl":{"start":{"line":92,"column":11},"end":{"line":92,"column":12}},"loc":{"start":{"line":92,"column":20},"end":{"line":104,"column":7}}},"16":{"name":"(anonymous_16)","decl":{"start":{"line":105,"column":12},"end":{"line":105,"column":13}},"loc":{"start":{"line":105,"column":22},"end":{"line":105,"column":51}}}},"branchMap":{"0":{"loc":{"start":{"line":7,"column":12},"end":{"line":7,"column":61}},"type":"default-arg","locations":[{"start":{"line":7,"column":35},"end":{"line":7,"column":61}}]},"1":{"loc":{"start":{"line":8,"column":12},"end":{"line":8,"column":57}},"type":"default-arg","locations":[{"start":{"line":8,"column":33},"end":{"line":8,"column":57}}]},"2":{"loc":{"start":{"line":20,"column":11},"end":{"line":22,"column":77}},"type":"binary-expr","locations":[{"start":{"line":20,"column":11},"end":{"line":20,"column":44}},{"start":{"line":21,"column":6},"end":{"line":21,"column":30}},{"start":{"line":22,"column":6},"end":{"line":22,"column":77}}]},"3":{"loc":{"start":{"line":33,"column":6},"end":{"line":44,"column":null}},"type":"cond-expr","locations":[{"start":{"line":34,"column":10},"end":{"line":34,"column":11}},{"start":{"line":35,"column":10},"end":{"line":44,"column":null}}]},"4":{"loc":{"start":{"line":38,"column":16},"end":{"line":40,"column":17}},"type":"if","locations":[{"start":{"line":38,"column":16},"end":{"line":40,"column":17}}]},"5":{"loc":{"start":{"line":64,"column":10},"end":{"line":67,"column":58}},"type":"binary-expr","locations":[{"start":{"line":64,"column":10},"end":{"line":64,"column":32}},{"start":{"line":65,"column":11},"end":{"line":65,"column":35}},{"start":{"line":66,"column":12},"end":{"line":66,"column":25}},{"start":{"line":67,"column":12},"end":{"line":67,"column":57}}]},"6":{"loc":{"start":{"line":87,"column":10},"end":{"line":90,"column":64}},"type":"binary-expr","locations":[{"start":{"line":87,"column":10},"end":{"line":87,"column":35}},{"start":{"line":88,"column":11},"end":{"line":88,"column":38}},{"start":{"line":89,"column":12},"end":{"line":89,"column":28}},{"start":{"line":90,"column":12},"end":{"line":90,"column":63}}]},"7":{"loc":{"start":{"line":94,"column":10},"end":{"line":96,"column":38}},"type":"cond-expr","locations":[{"start":{"line":95,"column":14},"end":{"line":95,"column":30}},{"start":{"line":96,"column":14},"end":{"line":96,"column":38}}]},"8":{"loc":{"start":{"line":94,"column":10},"end":{"line":94,"column":57}},"type":"binary-expr","locations":[{"start":{"line":94,"column":10},"end":{"line":94,"column":37}},{"start":{"line":94,"column":41},"end":{"line":94,"column":57}}]}},"s":{"0":1,"1":1,"2":1,"3":1,"4":1,"5":1,"6":1,"7":1,"8":1,"9":1,"10":1,"11":2,"12":1,"13":2,"14":1,"15":1,"16":1,"17":1,"18":0,"19":1,"20":1,"21":0,"22":0,"23":0,"24":0,"25":0,"26":0,"27":0,"28":0,"29":0,"30":0,"31":0,"32":0,"33":0,"34":0,"35":0,"36":0,"37":0,"38":1},"f":{"0":1,"1":1,"2":1,"3":1,"4":2,"5":2,"6":1,"7":1,"8":0,"9":0,"10":0,"11":0,"12":0,"13":0,"14":0,"15":0,"16":0},"b":{"0":[0],"1":[0],"2":[1,1,1],"3":[0,1],"4":[0],"5":[0,0,0,0],"6":[0,0,0,0],"7":[0,0],"8":[0,0]}}
,"D:\\Back end\\commitment-management-system\\src\\services\\category.service.ts": {"path":"D:\\Back end\\commitment-management-system\\src\\services\\category.service.ts","statementMap":{"0":{"start":{"line":2,"column":0},"end":{"line":2,"column":73}},"1":{"start":{"line":3,"column":0},"end":{"line":3,"column":77}},"2":{"start":{"line":4,"column":0},"end":{"line":4,"column":46}},"3":{"start":{"line":5,"column":0},"end":{"line":5,"column":60}},"4":{"start":{"line":9,"column":12},"end":{"line":9,"column":25}},"5":{"start":{"line":10,"column":12},"end":{"line":10,"column":35}},"6":{"start":{"line":11,"column":12},"end":{"line":11,"column":33}},"7":{"start":{"line":15,"column":21},"end":{"line":15,"column":79}},"8":{"start":{"line":17,"column":4},"end":{"line":19,"column":5}},"9":{"start":{"line":18,"column":6},"end":{"line":18,"column":72}},"10":{"start":{"line":21,"column":16},"end":{"line":21,"column":40}},"11":{"start":{"line":23,"column":20},"end":{"line":29,"column":6}},"12":{"start":{"line":31,"column":4},"end":{"line":36,"column":7}},"13":{"start":{"line":38,"column":4},"end":{"line":38,"column":19}},"14":{"start":{"line":42,"column":4},"end":{"line":42,"column":49}},"15":{"start":{"line":46,"column":21},"end":{"line":46,"column":55}},"16":{"start":{"line":48,"column":4},"end":{"line":50,"column":5}},"17":{"start":{"line":49,"column":6},"end":{"line":49,"column":52}},"18":{"start":{"line":52,"column":4},"end":{"line":52,"column":20}},"19":{"start":{"line":56,"column":21},"end":{"line":56,"column":55}},"20":{"start":{"line":58,"column":4},"end":{"line":60,"column":5}},"21":{"start":{"line":59,"column":6},"end":{"line":59,"column":52}},"22":{"start":{"line":62,"column":4},"end":{"line":68,"column":5}},"23":{"start":{"line":63,"column":24},"end":{"line":63,"column":82}},"24":{"start":{"line":65,"column":6},"end":{"line":67,"column":7}},"25":{"start":{"line":66,"column":8},"end":{"line":66,"column":74}},"26":{"start":{"line":70,"column":30},"end":{"line":75,"column":6}},"27":{"start":{"line":77,"column":4},"end":{"line":77,"column":46}},"28":{"start":{"line":79,"column":4},"end":{"line":84,"column":7}},"29":{"start":{"line":86,"column":4},"end":{"line":86,"column":30}},"30":{"start":{"line":90,"column":21},"end":{"line":90,"column":55}},"31":{"start":{"line":92,"column":4},"end":{"line":94,"column":5}},"32":{"start":{"line":93,"column":6},"end":{"line":93,"column":52}},"33":{"start":{"line":96,"column":31},"end":{"line":96,"column":91}},"34":{"start":{"line":98,"column":4},"end":{"line":103,"column":5}},"35":{"start":{"line":99,"column":6},"end":{"line":102,"column":8}},"36":{"start":{"line":105,"column":4},"end":{"line":105,"column":37}},"37":{"start":{"line":107,"column":4},"end":{"line":112,"column":7}},"38":{"start":{"line":7,"column":0},"end":{"line":7,"column":13}}},"fnMap":{"0":{"name":"(anonymous_0)","decl":{"start":{"line":8,"column":2},"end":{"line":8,"column":null}},"loc":{"start":{"line":11,"column":57},"end":{"line":12,"column":6}}},"1":{"name":"(anonymous_1)","decl":{"start":{"line":14,"column":2},"end":{"line":14,"column":7}},"loc":{"start":{"line":14,"column":45},"end":{"line":39,"column":3}}},"2":{"name":"(anonymous_2)","decl":{"start":{"line":41,"column":2},"end":{"line":41,"column":7}},"loc":{"start":{"line":41,"column":29},"end":{"line":43,"column":3}}},"3":{"name":"(anonymous_3)","decl":{"start":{"line":45,"column":2},"end":{"line":45,"column":7}},"loc":{"start":{"line":45,"column":42},"end":{"line":53,"column":3}}},"4":{"name":"(anonymous_4)","decl":{"start":{"line":55,"column":2},"end":{"line":55,"column":7}},"loc":{"start":{"line":55,"column":66},"end":{"line":87,"column":3}}},"5":{"name":"(anonymous_5)","decl":{"start":{"line":89,"column":2},"end":{"line":89,"column":7}},"loc":{"start":{"line":89,"column":41},"end":{"line":113,"column":3}}}},"branchMap":{"0":{"loc":{"start":{"line":9,"column":12},"end":{"line":9,"column":49}},"type":"default-arg","locations":[{"start":{"line":9,"column":25},"end":{"line":9,"column":49}}]},"1":{"loc":{"start":{"line":10,"column":12},"end":{"line":10,"column":61}},"type":"default-arg","locations":[{"start":{"line":10,"column":35},"end":{"line":10,"column":61}}]},"2":{"loc":{"start":{"line":11,"column":12},"end":{"line":11,"column":57}},"type":"default-arg","locations":[{"start":{"line":11,"column":33},"end":{"line":11,"column":57}}]},"3":{"loc":{"start":{"line":17,"column":4},"end":{"line":19,"column":5}},"type":"if","locations":[{"start":{"line":17,"column":4},"end":{"line":19,"column":5}}]},"4":{"loc":{"start":{"line":33,"column":18},"end":{"line":33,"column":36}},"type":"binary-expr","locations":[{"start":{"line":33,"column":18},"end":{"line":33,"column":28}},{"start":{"line":33,"column":32},"end":{"line":33,"column":36}}]},"5":{"loc":{"start":{"line":48,"column":4},"end":{"line":50,"column":5}},"type":"if","locations":[{"start":{"line":48,"column":4},"end":{"line":50,"column":5}}]},"6":{"loc":{"start":{"line":48,"column":8},"end":{"line":48,"column":47}},"type":"binary-expr","locations":[{"start":{"line":48,"column":8},"end":{"line":48,"column":17}},{"start":{"line":48,"column":21},"end":{"line":48,"column":47}}]},"7":{"loc":{"start":{"line":58,"column":4},"end":{"line":60,"column":5}},"type":"if","locations":[{"start":{"line":58,"column":4},"end":{"line":60,"column":5}}]},"8":{"loc":{"start":{"line":58,"column":8},"end":{"line":58,"column":47}},"type":"binary-expr","locations":[{"start":{"line":58,"column":8},"end":{"line":58,"column":17}},{"start":{"line":58,"column":21},"end":{"line":58,"column":47}}]},"9":{"loc":{"start":{"line":62,"column":4},"end":{"line":68,"column":5}},"type":"if","locations":[{"start":{"line":62,"column":4},"end":{"line":68,"column":5}}]},"10":{"loc":{"start":{"line":62,"column":8},"end":{"line":62,"column":55}},"type":"binary-expr","locations":[{"start":{"line":62,"column":8},"end":{"line":62,"column":17}},{"start":{"line":62,"column":21},"end":{"line":62,"column":55}}]},"11":{"loc":{"start":{"line":65,"column":6},"end":{"line":67,"column":7}},"type":"if","locations":[{"start":{"line":65,"column":6},"end":{"line":67,"column":7}}]},"12":{"loc":{"start":{"line":65,"column":10},"end":{"line":65,"column":42}},"type":"binary-expr","locations":[{"start":{"line":65,"column":10},"end":{"line":65,"column":19}},{"start":{"line":65,"column":23},"end":{"line":65,"column":42}}]},"13":{"loc":{"start":{"line":73,"column":12},"end":{"line":73,"column":56}},"type":"cond-expr","locations":[{"start":{"line":73,"column":24},"end":{"line":73,"column":40}},{"start":{"line":73,"column":43},"end":{"line":73,"column":56}}]},"14":{"loc":{"start":{"line":92,"column":4},"end":{"line":94,"column":5}},"type":"if","locations":[{"start":{"line":92,"column":4},"end":{"line":94,"column":5}}]},"15":{"loc":{"start":{"line":92,"column":8},"end":{"line":92,"column":47}},"type":"binary-expr","locations":[{"start":{"line":92,"column":8},"end":{"line":92,"column":17}},{"start":{"line":92,"column":21},"end":{"line":92,"column":47}}]},"16":{"loc":{"start":{"line":98,"column":4},"end":{"line":103,"column":5}},"type":"if","locations":[{"start":{"line":98,"column":4},"end":{"line":103,"column":5}}]}},"s":{"0":1,"1":1,"2":1,"3":1,"4":1,"5":1,"6":1,"7":1,"8":1,"9":0,"10":1,"11":1,"12":1,"13":1,"14":0,"15":0,"16":0,"17":0,"18":0,"19":0,"20":0,"21":0,"22":0,"23":0,"24":0,"25":0,"26":0,"27":0,"28":0,"29":0,"30":0,"31":0,"32":0,"33":0,"34":0,"35":0,"36":0,"37":0,"38":1},"f":{"0":1,"1":1,"2":0,"3":0,"4":0,"5":0},"b":{"0":[0],"1":[0],"2":[0],"3":[0],"4":[1,0],"5":[0],"6":[0,0],"7":[0],"8":[0,0],"9":[0],"10":[0,0],"11":[0],"12":[0,0],"13":[0,0],"14":[0],"15":[0,0],"16":[0]}}
,"D:\\Back end\\commitment-management-system\\src\\services\\commitment.service.ts": {"path":"D:\\Back end\\commitment-management-system\\src\\services\\commitment.service.ts","statementMap":{"0":{"start":{"line":2,"column":0},"end":{"line":2,"column":77}},"1":{"start":{"line":3,"column":0},"end":{"line":3,"column":73}},"2":{"start":{"line":4,"column":0},"end":{"line":4,"column":73}},"3":{"start":{"line":5,"column":0},"end":{"line":5,"column":46}},"4":{"start":{"line":6,"column":0},"end":{"line":6,"column":60}},"5":{"start":{"line":10,"column":12},"end":{"line":10,"column":25}},"6":{"start":{"line":11,"column":12},"end":{"line":11,"column":33}},"7":{"start":{"line":12,"column":12},"end":{"line":12,"column":33}},"8":{"start":{"line":13,"column":12},"end":{"line":13,"column":33}},"9":{"start":{"line":17,"column":4},"end":{"line":19,"column":5}},"10":{"start":{"line":18,"column":6},"end":{"line":18,"column":78}},"11":{"start":{"line":23,"column":4},"end":{"line":25,"column":5}},"12":{"start":{"line":24,"column":6},"end":{"line":24,"column":25}},"13":{"start":{"line":27,"column":16},"end":{"line":27,"column":26}},"14":{"start":{"line":28,"column":16},"end":{"line":28,"column":44}},"15":{"start":{"line":30,"column":4},"end":{"line":32,"column":5}},"16":{"start":{"line":31,"column":6},"end":{"line":31,"column":23}},"17":{"start":{"line":34,"column":4},"end":{"line":34,"column":29}},"18":{"start":{"line":41,"column":4},"end":{"line":43,"column":5}},"19":{"start":{"line":42,"column":6},"end":{"line":42,"column":13}},"20":{"start":{"line":45,"column":21},"end":{"line":45,"column":71}},"21":{"start":{"line":47,"column":4},"end":{"line":49,"column":5}},"22":{"start":{"line":48,"column":6},"end":{"line":48,"column":66}},"23":{"start":{"line":53,"column":4},"end":{"line":53,"column":59}},"24":{"start":{"line":54,"column":4},"end":{"line":54,"column":66}},"25":{"start":{"line":56,"column":16},"end":{"line":56,"column":40}},"26":{"start":{"line":58,"column":17},"end":{"line":58,"column":28}},"27":{"start":{"line":59,"column":4},"end":{"line":61,"column":5}},"28":{"start":{"line":60,"column":6},"end":{"line":60,"column":25}},"29":{"start":{"line":63,"column":20},"end":{"line":73,"column":6}},"30":{"start":{"line":75,"column":4},"end":{"line":81,"column":7}},"31":{"start":{"line":83,"column":4},"end":{"line":83,"column":19}},"32":{"start":{"line":87,"column":24},"end":{"line":87,"column":67}},"33":{"start":{"line":89,"column":4},"end":{"line":92,"column":8}},"34":{"start":{"line":89,"column":44},"end":{"line":92,"column":6}},"35":{"start":{"line":96,"column":23},"end":{"line":96,"column":57}},"36":{"start":{"line":98,"column":4},"end":{"line":100,"column":5}},"37":{"start":{"line":99,"column":6},"end":{"line":99,"column":54}},"38":{"start":{"line":102,"column":4},"end":{"line":105,"column":6}},"39":{"start":{"line":113,"column":21},"end":{"line":113,"column":55}},"40":{"start":{"line":115,"column":4},"end":{"line":117,"column":5}},"41":{"start":{"line":116,"column":6},"end":{"line":116,"column":54}},"42":{"start":{"line":119,"column":31},"end":{"line":130,"column":6}},"43":{"start":{"line":132,"column":4},"end":{"line":132,"column":63}},"44":{"start":{"line":133,"column":4},"end":{"line":133,"column":68}},"45":{"start":{"line":135,"column":4},"end":{"line":137,"column":5}},"46":{"start":{"line":136,"column":6},"end":{"line":136,"column":52}},"47":{"start":{"line":139,"column":4},"end":{"line":141,"column":5}},"48":{"start":{"line":140,"column":6},"end":{"line":140,"column":32}},"49":{"start":{"line":143,"column":4},"end":{"line":143,"column":46}},"50":{"start":{"line":145,"column":4},"end":{"line":145,"column":45}},"51":{"start":{"line":147,"column":4},"end":{"line":153,"column":7}},"52":{"start":{"line":155,"column":4},"end":{"line":155,"column":29}},"53":{"start":{"line":164,"column":21},"end":{"line":164,"column":55}},"54":{"start":{"line":166,"column":4},"end":{"line":168,"column":5}},"55":{"start":{"line":167,"column":6},"end":{"line":167,"column":54}},"56":{"start":{"line":170,"column":32},"end":{"line":178,"column":6}},"57":{"start":{"line":180,"column":4},"end":{"line":180,"column":48}},"58":{"start":{"line":182,"column":4},"end":{"line":182,"column":46}},"59":{"start":{"line":184,"column":4},"end":{"line":196,"column":7}},"60":{"start":{"line":198,"column":4},"end":{"line":198,"column":30}},"61":{"start":{"line":202,"column":21},"end":{"line":202,"column":55}},"62":{"start":{"line":204,"column":4},"end":{"line":206,"column":5}},"63":{"start":{"line":205,"column":6},"end":{"line":205,"column":54}},"64":{"start":{"line":208,"column":22},"end":{"line":208,"column":82}},"65":{"start":{"line":210,"column":4},"end":{"line":215,"column":5}},"66":{"start":{"line":211,"column":6},"end":{"line":214,"column":8}},"67":{"start":{"line":217,"column":4},"end":{"line":217,"column":37}},"68":{"start":{"line":219,"column":4},"end":{"line":225,"column":7}},"69":{"start":{"line":8,"column":0},"end":{"line":8,"column":13}}},"fnMap":{"0":{"name":"(anonymous_0)","decl":{"start":{"line":9,"column":2},"end":{"line":9,"column":null}},"loc":{"start":{"line":13,"column":57},"end":{"line":14,"column":6}}},"1":{"name":"(anonymous_1)","decl":{"start":{"line":16,"column":10},"end":{"line":16,"column":23}},"loc":{"start":{"line":16,"column":64},"end":{"line":20,"column":3}}},"2":{"name":"(anonymous_2)","decl":{"start":{"line":22,"column":10},"end":{"line":22,"column":22}},"loc":{"start":{"line":22,"column":45},"end":{"line":35,"column":3}}},"3":{"name":"(anonymous_3)","decl":{"start":{"line":37,"column":10},"end":{"line":37,"column":15}},"loc":{"start":{"line":39,"column":30},"end":{"line":50,"column":3}}},"4":{"name":"(anonymous_4)","decl":{"start":{"line":52,"column":2},"end":{"line":52,"column":7}},"loc":{"start":{"line":52,"column":47},"end":{"line":84,"column":3}}},"5":{"name":"(anonymous_5)","decl":{"start":{"line":86,"column":2},"end":{"line":86,"column":7}},"loc":{"start":{"line":86,"column":29},"end":{"line":93,"column":3}}},"6":{"name":"(anonymous_6)","decl":{"start":{"line":89,"column":27},"end":{"line":89,"column":28}},"loc":{"start":{"line":89,"column":44},"end":{"line":92,"column":6}}},"7":{"name":"(anonymous_7)","decl":{"start":{"line":95,"column":2},"end":{"line":95,"column":7}},"loc":{"start":{"line":95,"column":42},"end":{"line":106,"column":3}}},"8":{"name":"(anonymous_8)","decl":{"start":{"line":108,"column":2},"end":{"line":108,"column":7}},"loc":{"start":{"line":111,"column":29},"end":{"line":156,"column":3}}},"9":{"name":"(anonymous_9)","decl":{"start":{"line":158,"column":2},"end":{"line":158,"column":7}},"loc":{"start":{"line":162,"column":31},"end":{"line":199,"column":3}}},"10":{"name":"(anonymous_10)","decl":{"start":{"line":201,"column":2},"end":{"line":201,"column":7}},"loc":{"start":{"line":201,"column":41},"end":{"line":226,"column":3}}}},"branchMap":{"0":{"loc":{"start":{"line":10,"column":12},"end":{"line":10,"column":51}},"type":"default-arg","locations":[{"start":{"line":10,"column":25},"end":{"line":10,"column":51}}]},"1":{"loc":{"start":{"line":11,"column":12},"end":{"line":11,"column":57}},"type":"default-arg","locations":[{"start":{"line":11,"column":33},"end":{"line":11,"column":57}}]},"2":{"loc":{"start":{"line":12,"column":12},"end":{"line":12,"column":57}},"type":"default-arg","locations":[{"start":{"line":12,"column":33},"end":{"line":12,"column":57}}]},"3":{"loc":{"start":{"line":13,"column":12},"end":{"line":13,"column":57}},"type":"default-arg","locations":[{"start":{"line":13,"column":33},"end":{"line":13,"column":57}}]},"4":{"loc":{"start":{"line":17,"column":4},"end":{"line":19,"column":5}},"type":"if","locations":[{"start":{"line":17,"column":4},"end":{"line":19,"column":5}}]},"5":{"loc":{"start":{"line":23,"column":4},"end":{"line":25,"column":5}},"type":"if","locations":[{"start":{"line":23,"column":4},"end":{"line":25,"column":5}}]},"6":{"loc":{"start":{"line":30,"column":4},"end":{"line":32,"column":5}},"type":"if","locations":[{"start":{"line":30,"column":4},"end":{"line":32,"column":5}}]},"7":{"loc":{"start":{"line":41,"column":4},"end":{"line":43,"column":5}},"type":"if","locations":[{"start":{"line":41,"column":4},"end":{"line":43,"column":5}}]},"8":{"loc":{"start":{"line":47,"column":4},"end":{"line":49,"column":5}},"type":"if","locations":[{"start":{"line":47,"column":4},"end":{"line":49,"column":5}}]},"9":{"loc":{"start":{"line":47,"column":8},"end":{"line":47,"column":47}},"type":"binary-expr","locations":[{"start":{"line":47,"column":8},"end":{"line":47,"column":17}},{"start":{"line":47,"column":21},"end":{"line":47,"column":47}}]},"10":{"loc":{"start":{"line":59,"column":4},"end":{"line":61,"column":5}},"type":"if","locations":[{"start":{"line":59,"column":4},"end":{"line":61,"column":5}}]},"11":{"loc":{"start":{"line":59,"column":8},"end":{"line":59,"column":69}},"type":"binary-expr","locations":[{"start":{"line":59,"column":8},"end":{"line":59,"column":30}},{"start":{"line":59,"column":34},"end":{"line":59,"column":69}}]},"12":{"loc":{"start":{"line":66,"column":19},"end":{"line":66,"column":49}},"type":"binary-expr","locations":[{"start":{"line":66,"column":19},"end":{"line":66,"column":43}},{"start":{"line":66,"column":47},"end":{"line":66,"column":49}}]},"13":{"loc":{"start":{"line":69,"column":18},"end":{"line":69,"column":41}},"type":"binary-expr","locations":[{"start":{"line":69,"column":18},"end":{"line":69,"column":33}},{"start":{"line":69,"column":37},"end":{"line":69,"column":41}}]},"14":{"loc":{"start":{"line":70,"column":19},"end":{"line":70,"column":54}},"type":"cond-expr","locations":[{"start":{"line":70,"column":44},"end":{"line":70,"column":47}},{"start":{"line":70,"column":50},"end":{"line":70,"column":54}}]},"15":{"loc":{"start":{"line":77,"column":20},"end":{"line":77,"column":38}},"type":"binary-expr","locations":[{"start":{"line":77,"column":20},"end":{"line":77,"column":30}},{"start":{"line":77,"column":34},"end":{"line":77,"column":38}}]},"16":{"loc":{"start":{"line":78,"column":18},"end":{"line":78,"column":44}},"type":"binary-expr","locations":[{"start":{"line":78,"column":18},"end":{"line":78,"column":36}},{"start":{"line":78,"column":40},"end":{"line":78,"column":44}}]},"17":{"loc":{"start":{"line":98,"column":4},"end":{"line":100,"column":5}},"type":"if","locations":[{"start":{"line":98,"column":4},"end":{"line":100,"column":5}}]},"18":{"loc":{"start":{"line":98,"column":8},"end":{"line":98,"column":51}},"type":"binary-expr","locations":[{"start":{"line":98,"column":8},"end":{"line":98,"column":19}},{"start":{"line":98,"column":23},"end":{"line":98,"column":51}}]},"19":{"loc":{"start":{"line":115,"column":4},"end":{"line":117,"column":5}},"type":"if","locations":[{"start":{"line":115,"column":4},"end":{"line":117,"column":5}}]},"20":{"loc":{"start":{"line":115,"column":8},"end":{"line":115,"column":47}},"type":"binary-expr","locations":[{"start":{"line":115,"column":8},"end":{"line":115,"column":17}},{"start":{"line":115,"column":21},"end":{"line":115,"column":47}}]},"21":{"loc":{"start":{"line":122,"column":13},"end":{"line":122,"column":60}},"type":"cond-expr","locations":[{"start":{"line":122,"column":26},"end":{"line":122,"column":43}},{"start":{"line":122,"column":46},"end":{"line":122,"column":60}}]},"22":{"loc":{"start":{"line":124,"column":8},"end":{"line":126,"column":32}},"type":"cond-expr","locations":[{"start":{"line":125,"column":12},"end":{"line":125,"column":35}},{"start":{"line":126,"column":12},"end":{"line":126,"column":32}}]},"23":{"loc":{"start":{"line":128,"column":8},"end":{"line":128,"column":77}},"type":"cond-expr","locations":[{"start":{"line":128,"column":40},"end":{"line":128,"column":55}},{"start":{"line":128,"column":58},"end":{"line":128,"column":77}}]},"24":{"loc":{"start":{"line":135,"column":4},"end":{"line":137,"column":5}},"type":"if","locations":[{"start":{"line":135,"column":4},"end":{"line":137,"column":5}}]},"25":{"loc":{"start":{"line":135,"column":8},"end":{"line":135,"column":60}},"type":"binary-expr","locations":[{"start":{"line":135,"column":8},"end":{"line":135,"column":37}},{"start":{"line":135,"column":41},"end":{"line":135,"column":60}}]},"26":{"loc":{"start":{"line":139,"column":4},"end":{"line":141,"column":5}},"type":"if","locations":[{"start":{"line":139,"column":4},"end":{"line":141,"column":5}}]},"27":{"loc":{"start":{"line":150,"column":18},"end":{"line":150,"column":43}},"type":"binary-expr","locations":[{"start":{"line":150,"column":18},"end":{"line":150,"column":35}},{"start":{"line":150,"column":39},"end":{"line":150,"column":43}}]},"28":{"loc":{"start":{"line":166,"column":4},"end":{"line":168,"column":5}},"type":"if","locations":[{"start":{"line":166,"column":4},"end":{"line":168,"column":5}}]},"29":{"loc":{"start":{"line":166,"column":8},"end":{"line":166,"column":47}},"type":"binary-expr","locations":[{"start":{"line":166,"column":8},"end":{"line":166,"column":17}},{"start":{"line":166,"column":21},"end":{"line":166,"column":47}}]},"30":{"loc":{"start":{"line":174,"column":8},"end":{"line":176,"column":16}},"type":"cond-expr","locations":[{"start":{"line":175,"column":12},"end":{"line":175,"column":51}},{"start":{"line":176,"column":12},"end":{"line":176,"column":16}}]},"31":{"loc":{"start":{"line":175,"column":12},"end":{"line":175,"column":51}},"type":"binary-expr","locations":[{"start":{"line":175,"column":12},"end":{"line":175,"column":23}},{"start":{"line":175,"column":27},"end":{"line":175,"column":51}}]},"32":{"loc":{"start":{"line":187,"column":18},"end":{"line":187,"column":44}},"type":"binary-expr","locations":[{"start":{"line":187,"column":18},"end":{"line":187,"column":36}},{"start":{"line":187,"column":40},"end":{"line":187,"column":44}}]},"33":{"loc":{"start":{"line":189,"column":8},"end":{"line":191,"column":32}},"type":"cond-expr","locations":[{"start":{"line":190,"column":12},"end":{"line":190,"column":34}},{"start":{"line":191,"column":12},"end":{"line":191,"column":32}}]},"34":{"loc":{"start":{"line":193,"column":8},"end":{"line":195,"column":83}},"type":"cond-expr","locations":[{"start":{"line":194,"column":12},"end":{"line":194,"column":57}},{"start":{"line":195,"column":12},"end":{"line":195,"column":83}}]},"35":{"loc":{"start":{"line":204,"column":4},"end":{"line":206,"column":5}},"type":"if","locations":[{"start":{"line":204,"column":4},"end":{"line":206,"column":5}}]},"36":{"loc":{"start":{"line":204,"column":8},"end":{"line":204,"column":47}},"type":"binary-expr","locations":[{"start":{"line":204,"column":8},"end":{"line":204,"column":17}},{"start":{"line":204,"column":21},"end":{"line":204,"column":47}}]},"37":{"loc":{"start":{"line":210,"column":4},"end":{"line":215,"column":5}},"type":"if","locations":[{"start":{"line":210,"column":4},"end":{"line":215,"column":5}}]},"38":{"loc":{"start":{"line":222,"column":18},"end":{"line":222,"column":45}},"type":"binary-expr","locations":[{"start":{"line":222,"column":18},"end":{"line":222,"column":37}},{"start":{"line":222,"column":41},"end":{"line":222,"column":45}}]}},"s":{"0":1,"1":1,"2":1,"3":1,"4":1,"5":3,"6":3,"7":3,"8":3,"9":2,"10":1,"11":0,"12":0,"13":0,"14":0,"15":0,"16":0,"17":0,"18":1,"19":1,"20":0,"21":0,"22":0,"23":2,"24":1,"25":1,"26":1,"27":1,"28":0,"29":1,"30":1,"31":1,"32":0,"33":0,"34":0,"35":1,"36":1,"37":1,"38":0,"39":0,"40":0,"41":0,"42":0,"43":0,"44":0,"45":0,"46":0,"47":0,"48":0,"49":0,"50":0,"51":0,"52":0,"53":0,"54":0,"55":0,"56":0,"57":0,"58":0,"59":0,"60":0,"61":0,"62":0,"63":0,"64":0,"65":0,"66":0,"67":0,"68":0,"69":1},"f":{"0":3,"1":2,"2":0,"3":1,"4":2,"5":0,"6":0,"7":1,"8":0,"9":0,"10":0},"b":{"0":[0],"1":[0],"2":[0],"3":[0],"4":[1],"5":[0],"6":[0],"7":[1],"8":[0],"9":[0,0],"10":[0],"11":[1,1],"12":[1,0],"13":[1,1],"14":[0,1],"15":[1,0],"16":[1,1],"17":[1],"18":[1,0],"19":[0],"20":[0,0],"21":[0,0],"22":[0,0],"23":[0,0],"24":[0],"25":[0,0],"26":[0],"27":[0,0],"28":[0],"29":[0,0],"30":[0,0],"31":[0,0],"32":[0,0],"33":[0,0],"34":[0,0],"35":[0],"36":[0,0],"37":[0],"38":[0,0]}}
,"D:\\Back end\\commitment-management-system\\src\\services\\reminder.service.ts": {"path":"D:\\Back end\\commitment-management-system\\src\\services\\reminder.service.ts","statementMap":{"0":{"start":{"line":2,"column":0},"end":{"line":2,"column":73}},"1":{"start":{"line":3,"column":0},"end":{"line":3,"column":77}},"2":{"start":{"line":4,"column":0},"end":{"line":4,"column":46}},"3":{"start":{"line":5,"column":0},"end":{"line":5,"column":60}},"4":{"start":{"line":9,"column":12},"end":{"line":9,"column":25}},"5":{"start":{"line":10,"column":12},"end":{"line":10,"column":35}},"6":{"start":{"line":11,"column":12},"end":{"line":11,"column":33}},"7":{"start":{"line":18,"column":23},"end":{"line":18,"column":77}},"8":{"start":{"line":20,"column":4},"end":{"line":22,"column":5}},"9":{"start":{"line":21,"column":6},"end":{"line":21,"column":68}},"10":{"start":{"line":26,"column":4},"end":{"line":26,"column":70}},"11":{"start":{"line":28,"column":16},"end":{"line":28,"column":40}},"12":{"start":{"line":30,"column":20},"end":{"line":35,"column":6}},"13":{"start":{"line":37,"column":4},"end":{"line":43,"column":7}},"14":{"start":{"line":45,"column":4},"end":{"line":45,"column":19}},"15":{"start":{"line":49,"column":4},"end":{"line":49,"column":49}},"16":{"start":{"line":53,"column":21},"end":{"line":53,"column":55}},"17":{"start":{"line":55,"column":4},"end":{"line":57,"column":5}},"18":{"start":{"line":56,"column":6},"end":{"line":56,"column":52}},"19":{"start":{"line":59,"column":4},"end":{"line":59,"column":20}},"20":{"start":{"line":63,"column":21},"end":{"line":63,"column":55}},"21":{"start":{"line":65,"column":4},"end":{"line":67,"column":5}},"22":{"start":{"line":66,"column":6},"end":{"line":66,"column":52}},"23":{"start":{"line":69,"column":25},"end":{"line":69,"column":67}},"24":{"start":{"line":70,"column":4},"end":{"line":70,"column":65}},"25":{"start":{"line":72,"column":30},"end":{"line":77,"column":6}},"26":{"start":{"line":79,"column":4},"end":{"line":79,"column":46}},"27":{"start":{"line":81,"column":4},"end":{"line":87,"column":7}},"28":{"start":{"line":89,"column":4},"end":{"line":89,"column":30}},"29":{"start":{"line":93,"column":21},"end":{"line":93,"column":55}},"30":{"start":{"line":95,"column":4},"end":{"line":97,"column":5}},"31":{"start":{"line":96,"column":6},"end":{"line":96,"column":52}},"32":{"start":{"line":99,"column":4},"end":{"line":99,"column":37}},"33":{"start":{"line":101,"column":4},"end":{"line":107,"column":7}},"34":{"start":{"line":7,"column":0},"end":{"line":7,"column":13}}},"fnMap":{"0":{"name":"(anonymous_0)","decl":{"start":{"line":8,"column":2},"end":{"line":8,"column":null}},"loc":{"start":{"line":11,"column":57},"end":{"line":12,"column":6}}},"1":{"name":"(anonymous_1)","decl":{"start":{"line":14,"column":10},"end":{"line":14,"column":15}},"loc":{"start":{"line":16,"column":24},"end":{"line":23,"column":3}}},"2":{"name":"(anonymous_2)","decl":{"start":{"line":25,"column":2},"end":{"line":25,"column":7}},"loc":{"start":{"line":25,"column":45},"end":{"line":46,"column":3}}},"3":{"name":"(anonymous_3)","decl":{"start":{"line":48,"column":2},"end":{"line":48,"column":7}},"loc":{"start":{"line":48,"column":29},"end":{"line":50,"column":3}}},"4":{"name":"(anonymous_4)","decl":{"start":{"line":52,"column":2},"end":{"line":52,"column":7}},"loc":{"start":{"line":52,"column":42},"end":{"line":60,"column":3}}},"5":{"name":"(anonymous_5)","decl":{"start":{"line":62,"column":2},"end":{"line":62,"column":7}},"loc":{"start":{"line":62,"column":66},"end":{"line":90,"column":3}}},"6":{"name":"(anonymous_6)","decl":{"start":{"line":92,"column":2},"end":{"line":92,"column":7}},"loc":{"start":{"line":92,"column":41},"end":{"line":108,"column":3}}}},"branchMap":{"0":{"loc":{"start":{"line":9,"column":12},"end":{"line":9,"column":49}},"type":"default-arg","locations":[{"start":{"line":9,"column":25},"end":{"line":9,"column":49}}]},"1":{"loc":{"start":{"line":10,"column":12},"end":{"line":10,"column":61}},"type":"default-arg","locations":[{"start":{"line":10,"column":35},"end":{"line":10,"column":61}}]},"2":{"loc":{"start":{"line":11,"column":12},"end":{"line":11,"column":57}},"type":"default-arg","locations":[{"start":{"line":11,"column":33},"end":{"line":11,"column":57}}]},"3":{"loc":{"start":{"line":20,"column":4},"end":{"line":22,"column":5}},"type":"if","locations":[{"start":{"line":20,"column":4},"end":{"line":22,"column":5}}]},"4":{"loc":{"start":{"line":20,"column":8},"end":{"line":20,"column":51}},"type":"binary-expr","locations":[{"start":{"line":20,"column":8},"end":{"line":20,"column":19}},{"start":{"line":20,"column":23},"end":{"line":20,"column":51}}]},"5":{"loc":{"start":{"line":39,"column":18},"end":{"line":39,"column":36}},"type":"binary-expr","locations":[{"start":{"line":39,"column":18},"end":{"line":39,"column":28}},{"start":{"line":39,"column":32},"end":{"line":39,"column":36}}]},"6":{"loc":{"start":{"line":55,"column":4},"end":{"line":57,"column":5}},"type":"if","locations":[{"start":{"line":55,"column":4},"end":{"line":57,"column":5}}]},"7":{"loc":{"start":{"line":55,"column":8},"end":{"line":55,"column":47}},"type":"binary-expr","locations":[{"start":{"line":55,"column":8},"end":{"line":55,"column":17}},{"start":{"line":55,"column":21},"end":{"line":55,"column":47}}]},"8":{"loc":{"start":{"line":65,"column":4},"end":{"line":67,"column":5}},"type":"if","locations":[{"start":{"line":65,"column":4},"end":{"line":67,"column":5}}]},"9":{"loc":{"start":{"line":65,"column":8},"end":{"line":65,"column":47}},"type":"binary-expr","locations":[{"start":{"line":65,"column":8},"end":{"line":65,"column":17}},{"start":{"line":65,"column":21},"end":{"line":65,"column":47}}]},"10":{"loc":{"start":{"line":69,"column":25},"end":{"line":69,"column":67}},"type":"binary-expr","locations":[{"start":{"line":69,"column":25},"end":{"line":69,"column":42}},{"start":{"line":69,"column":46},"end":{"line":69,"column":67}}]},"11":{"loc":{"start":{"line":95,"column":4},"end":{"line":97,"column":5}},"type":"if","locations":[{"start":{"line":95,"column":4},"end":{"line":97,"column":5}}]},"12":{"loc":{"start":{"line":95,"column":8},"end":{"line":95,"column":47}},"type":"binary-expr","locations":[{"start":{"line":95,"column":8},"end":{"line":95,"column":17}},{"start":{"line":95,"column":21},"end":{"line":95,"column":47}}]}},"s":{"0":1,"1":1,"2":1,"3":1,"4":1,"5":1,"6":1,"7":1,"8":1,"9":0,"10":1,"11":1,"12":1,"13":1,"14":1,"15":0,"16":0,"17":0,"18":0,"19":0,"20":0,"21":0,"22":0,"23":0,"24":0,"25":0,"26":0,"27":0,"28":0,"29":0,"30":0,"31":0,"32":0,"33":0,"34":1},"f":{"0":1,"1":1,"2":1,"3":0,"4":0,"5":0,"6":0},"b":{"0":[0],"1":[0],"2":[0],"3":[0],"4":[1,1],"5":[1,0],"6":[0],"7":[0,0],"8":[0],"9":[0,0],"10":[0,0],"11":[0],"12":[0,0]}}
,"D:\\Back end\\commitment-management-system\\src\\utils\\api-error.ts": {"path":"D:\\Back end\\commitment-management-system\\src\\utils\\api-error.ts","statementMap":{"0":{"start":{"line":5,"column":4},"end":{"line":5,"column":19}},"1":{"start":{"line":6,"column":4},"end":{"line":6,"column":33}},"2":{"start":{"line":1,"column":0},"end":{"line":1,"column":13}}},"fnMap":{"0":{"name":"(anonymous_0)","decl":{"start":{"line":4,"column":2},"end":{"line":4,"column":14}},"loc":{"start":{"line":4,"column":49},"end":{"line":7,"column":3}}}},"branchMap":{},"s":{"0":2,"1":2,"2":3},"f":{"0":2},"b":{}}
}
