TN:
SF:src\services\commitment.service.ts
FN:8,(anonymous_0)
FN:12,(anonymous_1)
FN:26,(anonymous_2)
FN:30,(anonymous_3)
FN:36,(anonymous_4)
FN:50,(anonymous_5)
FNF:6
FNH:2
FNDA:2,(anonymous_0)
FNDA:2,(anonymous_1)
FNDA:0,(anonymous_2)
FNDA:0,(anonymous_3)
FNDA:0,(anonymous_4)
FNDA:0,(anonymous_5)
DA:1,1
DA:3,1
DA:5,1
DA:9,2
DA:13,2
DA:14,1
DA:17,1
DA:18,1
DA:27,0
DA:31,0
DA:32,0
DA:33,0
DA:37,0
DA:38,0
DA:40,0
DA:42,0
DA:43,0
DA:46,0
DA:47,0
DA:51,0
DA:52,0
DA:53,0
LF:22
LH:8
BRDA:9,0,0,2
BRDA:9,0,1,0
BRDA:13,1,0,1
BRDA:13,1,1,1
BRDA:32,2,0,0
BRDA:32,2,1,0
BRDA:38,3,0,0
BRDA:38,3,1,0
BRDA:42,4,0,0
BRDA:42,4,1,0
BRDA:52,5,0,0
BRDA:52,5,1,0
BRF:12
BRH:3
end_of_record
TN:
SF:src\utils\api-error.ts
FN:4,(anonymous_0)
FNF:1
FNH:1
FNDA:1,(anonymous_0)
DA:1,1
DA:5,1
DA:6,1
LF:3
LH:3
BRF:0
BRH:0
end_of_record
