TN:
SF:src\config\env.ts
FNF:0
FNH:0
DA:1,4
DA:3,4
DA:5,4
LF:3
LH:3
BRDA:6,0,0,4
BRDA:6,0,1,0
BRDA:7,1,0,4
BRDA:7,1,1,0
BRDA:8,2,0,4
BRDA:8,2,1,0
BRDA:9,3,0,4
BRDA:9,3,1,0
BRF:8
BRH:4
end_of_record
TN:
SF:src\config\firebase.ts
FNF:0
FNH:0
DA:1,4
DA:2,4
DA:3,4
DA:4,4
DA:6,4
DA:14,4
DA:15,4
LF:7
LH:7
BRF:0
BRH:0
end_of_record
TN:
SF:src\repositories\activity-log.repository.ts
FN:7,(anonymous_0)
FN:12,(anonymous_1)
FN:15,(anonymous_2)
FN:21,(anonymous_3)
FN:31,(anonymous_4)
FN:37,(anonymous_5)
FNF:6
FNH:0
FNDA:0,(anonymous_0)
FNDA:0,(anonymous_1)
FNDA:0,(anonymous_2)
FNDA:0,(anonymous_3)
FNDA:0,(anonymous_4)
FNDA:0,(anonymous_5)
DA:1,3
DA:4,3
DA:6,3
DA:8,0
DA:9,0
DA:13,0
DA:15,0
DA:22,0
DA:24,0
DA:25,0
DA:28,0
DA:32,0
DA:37,0
LF:13
LH:3
BRDA:24,0,0,0
BRF:1
BRH:0
end_of_record
TN:
SF:src\repositories\category.repository.ts
FN:7,(anonymous_0)
FN:12,(anonymous_1)
FN:15,(anonymous_2)
FN:21,(anonymous_3)
FN:31,(anonymous_4)
FN:46,(anonymous_5)
FN:50,(anonymous_6)
FNF:7
FNH:0
FNDA:0,(anonymous_0)
FNDA:0,(anonymous_1)
FNDA:0,(anonymous_2)
FNDA:0,(anonymous_3)
FNDA:0,(anonymous_4)
FNDA:0,(anonymous_5)
FNDA:0,(anonymous_6)
DA:1,3
DA:4,3
DA:6,3
DA:8,0
DA:9,0
DA:13,0
DA:15,0
DA:22,0
DA:24,0
DA:25,0
DA:28,0
DA:32,0
DA:38,0
DA:39,0
DA:42,0
DA:43,0
DA:47,0
DA:51,0
LF:18
LH:3
BRDA:24,0,0,0
BRDA:38,1,0,0
BRF:2
BRH:0
end_of_record
TN:
SF:src\repositories\commitment.repository.ts
FN:7,(anonymous_0)
FN:12,(anonymous_1)
FN:15,(anonymous_2)
FN:21,(anonymous_3)
FN:31,(anonymous_4)
FN:35,(anonymous_5)
FN:39,(anonymous_6)
FN:45,(anonymous_7)
FNF:8
FNH:0
FNDA:0,(anonymous_0)
FNDA:0,(anonymous_1)
FNDA:0,(anonymous_2)
FNDA:0,(anonymous_3)
FNDA:0,(anonymous_4)
FNDA:0,(anonymous_5)
FNDA:0,(anonymous_6)
FNDA:0,(anonymous_7)
DA:1,4
DA:4,4
DA:6,4
DA:8,0
DA:9,0
DA:13,0
DA:15,0
DA:22,0
DA:24,0
DA:25,0
DA:28,0
DA:32,0
DA:36,0
DA:40,0
DA:45,0
LF:15
LH:3
BRDA:24,0,0,0
BRF:1
BRH:0
end_of_record
TN:
SF:src\repositories\reminder.repository.ts
FN:7,(anonymous_0)
FN:12,(anonymous_1)
FN:14,(anonymous_2)
FN:17,(anonymous_3)
FN:27,(anonymous_4)
FN:33,(anonymous_5)
FN:36,(anonymous_6)
FN:40,(anonymous_7)
FNF:8
FNH:0
FNDA:0,(anonymous_0)
FNDA:0,(anonymous_1)
FNDA:0,(anonymous_2)
FNDA:0,(anonymous_3)
FNDA:0,(anonymous_4)
FNDA:0,(anonymous_5)
FNDA:0,(anonymous_6)
FNDA:0,(anonymous_7)
DA:1,2
DA:4,2
DA:6,2
DA:8,0
DA:9,0
DA:13,0
DA:14,0
DA:18,0
DA:20,0
DA:21,0
DA:24,0
DA:28,0
DA:33,0
DA:37,0
DA:41,0
LF:15
LH:3
BRDA:20,0,0,0
BRF:1
BRH:0
end_of_record
TN:
SF:src\services\activity-log.service.ts
FN:14,(anonymous_0)
FN:16,(anonymous_1)
FN:30,(anonymous_2)
FN:34,(anonymous_3)
FN:44,(anonymous_4)
FNF:5
FNH:0
FNDA:0,(anonymous_0)
FNDA:0,(anonymous_1)
FNDA:0,(anonymous_2)
FNDA:0,(anonymous_3)
FNDA:0,(anonymous_4)
DA:2,3
DA:13,3
DA:14,0
DA:17,0
DA:27,0
DA:31,0
DA:35,0
DA:37,0
DA:38,0
DA:41,0
DA:45,0
LF:11
LH:2
BRDA:14,0,0,0
BRDA:21,1,0,0
BRDA:21,1,1,0
BRDA:22,2,0,0
BRDA:22,2,1,0
BRDA:23,3,0,0
BRDA:23,3,1,0
BRDA:37,4,0,0
BRDA:37,5,0,0
BRDA:37,5,1,0
BRF:10
BRH:0
end_of_record
TN:
SF:src\services\analytics.service.ts
FN:6,(anonymous_0)
FN:11,(anonymous_1)
FN:19,(anonymous_2)
FN:25,(anonymous_3)
FN:28,(anonymous_4)
FN:29,(anonymous_5)
FN:30,(anonymous_6)
FN:37,(anonymous_7)
FN:56,(anonymous_8)
FN:60,(anonymous_9)
FN:61,(anonymous_10)
FN:63,(anonymous_11)
FN:78,(anonymous_12)
FN:81,(anonymous_13)
FN:86,(anonymous_14)
FN:92,(anonymous_15)
FN:105,(anonymous_16)
FNF:17
FNH:8
FNDA:1,(anonymous_0)
FNDA:1,(anonymous_1)
FNDA:1,(anonymous_2)
FNDA:1,(anonymous_3)
FNDA:2,(anonymous_4)
FNDA:2,(anonymous_5)
FNDA:1,(anonymous_6)
FNDA:1,(anonymous_7)
FNDA:0,(anonymous_8)
FNDA:0,(anonymous_9)
FNDA:0,(anonymous_10)
FNDA:0,(anonymous_11)
FNDA:0,(anonymous_12)
FNDA:0,(anonymous_13)
FNDA:0,(anonymous_14)
FNDA:0,(anonymous_15)
FNDA:0,(anonymous_16)
DA:2,1
DA:3,1
DA:5,1
DA:7,1
DA:8,1
DA:12,1
DA:13,1
DA:14,1
DA:16,1
DA:20,1
DA:26,1
DA:28,2
DA:29,2
DA:30,1
DA:33,1
DA:38,1
DA:39,0
DA:42,1
DA:47,1
DA:57,0
DA:58,0
DA:60,0
DA:61,0
DA:62,0
DA:64,0
DA:70,0
DA:78,0
DA:82,0
DA:84,0
DA:87,0
DA:94,0
DA:98,0
DA:105,0
DA:107,0
LF:34
LH:18
BRDA:7,0,0,0
BRDA:8,1,0,0
BRDA:20,2,0,1
BRDA:20,2,1,1
BRDA:20,2,2,1
BRDA:33,3,0,0
BRDA:33,3,1,1
BRDA:38,4,0,0
BRDA:64,5,0,0
BRDA:64,5,1,0
BRDA:64,5,2,0
BRDA:64,5,3,0
BRDA:87,6,0,0
BRDA:87,6,1,0
BRDA:87,6,2,0
BRDA:87,6,3,0
BRDA:94,7,0,0
BRDA:94,7,1,0
BRDA:94,8,0,0
BRDA:94,8,1,0
BRF:20
BRH:4
end_of_record
TN:
SF:src\services\category.service.ts
FN:8,(anonymous_0)
FN:14,(anonymous_1)
FN:41,(anonymous_2)
FN:45,(anonymous_3)
FN:55,(anonymous_4)
FN:89,(anonymous_5)
FNF:6
FNH:2
FNDA:1,(anonymous_0)
FNDA:1,(anonymous_1)
FNDA:0,(anonymous_2)
FNDA:0,(anonymous_3)
FNDA:0,(anonymous_4)
FNDA:0,(anonymous_5)
DA:2,1
DA:3,1
DA:4,1
DA:5,1
DA:7,1
DA:9,1
DA:10,1
DA:11,1
DA:15,1
DA:17,1
DA:18,0
DA:21,1
DA:23,1
DA:31,1
DA:38,1
DA:42,0
DA:46,0
DA:48,0
DA:49,0
DA:52,0
DA:56,0
DA:58,0
DA:59,0
DA:62,0
DA:63,0
DA:65,0
DA:66,0
DA:70,0
DA:77,0
DA:79,0
DA:86,0
DA:90,0
DA:92,0
DA:93,0
DA:96,0
DA:98,0
DA:99,0
DA:105,0
DA:107,0
LF:39
LH:14
BRDA:9,0,0,0
BRDA:10,1,0,0
BRDA:11,2,0,0
BRDA:17,3,0,0
BRDA:33,4,0,1
BRDA:33,4,1,0
BRDA:48,5,0,0
BRDA:48,6,0,0
BRDA:48,6,1,0
BRDA:58,7,0,0
BRDA:58,8,0,0
BRDA:58,8,1,0
BRDA:62,9,0,0
BRDA:62,10,0,0
BRDA:62,10,1,0
BRDA:65,11,0,0
BRDA:65,12,0,0
BRDA:65,12,1,0
BRDA:73,13,0,0
BRDA:73,13,1,0
BRDA:92,14,0,0
BRDA:92,15,0,0
BRDA:92,15,1,0
BRDA:98,16,0,0
BRF:24
BRH:1
end_of_record
TN:
SF:src\services\commitment.service.ts
FN:9,(anonymous_0)
FN:16,(anonymous_1)
FN:22,(anonymous_2)
FN:37,(anonymous_3)
FN:52,(anonymous_4)
FN:86,(anonymous_5)
FN:89,(anonymous_6)
FN:95,(anonymous_7)
FN:108,(anonymous_8)
FN:158,(anonymous_9)
FN:201,(anonymous_10)
FNF:11
FNH:5
FNDA:3,(anonymous_0)
FNDA:2,(anonymous_1)
FNDA:0,(anonymous_2)
FNDA:1,(anonymous_3)
FNDA:2,(anonymous_4)
FNDA:0,(anonymous_5)
FNDA:0,(anonymous_6)
FNDA:1,(anonymous_7)
FNDA:0,(anonymous_8)
FNDA:0,(anonymous_9)
FNDA:0,(anonymous_10)
DA:2,1
DA:3,1
DA:4,1
DA:5,1
DA:6,1
DA:8,1
DA:10,3
DA:11,3
DA:12,3
DA:13,3
DA:17,2
DA:18,1
DA:23,0
DA:24,0
DA:27,0
DA:28,0
DA:30,0
DA:31,0
DA:34,0
DA:41,1
DA:42,1
DA:45,0
DA:47,0
DA:48,0
DA:53,2
DA:54,1
DA:56,1
DA:58,1
DA:59,1
DA:60,0
DA:63,1
DA:75,1
DA:83,1
DA:87,0
DA:89,0
DA:96,1
DA:98,1
DA:99,1
DA:102,0
DA:113,0
DA:115,0
DA:116,0
DA:119,0
DA:132,0
DA:133,0
DA:135,0
DA:136,0
DA:139,0
DA:140,0
DA:143,0
DA:145,0
DA:147,0
DA:155,0
DA:164,0
DA:166,0
DA:167,0
DA:170,0
DA:180,0
DA:182,0
DA:184,0
DA:198,0
DA:202,0
DA:204,0
DA:205,0
DA:208,0
DA:210,0
DA:211,0
DA:217,0
DA:219,0
LF:69
LH:25
BRDA:10,0,0,0
BRDA:11,1,0,0
BRDA:12,2,0,0
BRDA:13,3,0,0
BRDA:17,4,0,1
BRDA:23,5,0,0
BRDA:30,6,0,0
BRDA:41,7,0,1
BRDA:47,8,0,0
BRDA:47,9,0,0
BRDA:47,9,1,0
BRDA:59,10,0,0
BRDA:59,11,0,1
BRDA:59,11,1,1
BRDA:66,12,0,1
BRDA:66,12,1,0
BRDA:69,13,0,1
BRDA:69,13,1,1
BRDA:70,14,0,0
BRDA:70,14,1,1
BRDA:77,15,0,1
BRDA:77,15,1,0
BRDA:78,16,0,1
BRDA:78,16,1,1
BRDA:98,17,0,1
BRDA:98,18,0,1
BRDA:98,18,1,0
BRDA:115,19,0,0
BRDA:115,20,0,0
BRDA:115,20,1,0
BRDA:122,21,0,0
BRDA:122,21,1,0
BRDA:124,22,0,0
BRDA:124,22,1,0
BRDA:128,23,0,0
BRDA:128,23,1,0
BRDA:135,24,0,0
BRDA:135,25,0,0
BRDA:135,25,1,0
BRDA:139,26,0,0
BRDA:150,27,0,0
BRDA:150,27,1,0
BRDA:166,28,0,0
BRDA:166,29,0,0
BRDA:166,29,1,0
BRDA:174,30,0,0
BRDA:174,30,1,0
BRDA:175,31,0,0
BRDA:175,31,1,0
BRDA:187,32,0,0
BRDA:187,32,1,0
BRDA:189,33,0,0
BRDA:189,33,1,0
BRDA:193,34,0,0
BRDA:193,34,1,0
BRDA:204,35,0,0
BRDA:204,36,0,0
BRDA:204,36,1,0
BRDA:210,37,0,0
BRDA:222,38,0,0
BRDA:222,38,1,0
BRF:61
BRH:13
end_of_record
TN:
SF:src\services\reminder.service.ts
FN:8,(anonymous_0)
FN:14,(anonymous_1)
FN:25,(anonymous_2)
FN:48,(anonymous_3)
FN:52,(anonymous_4)
FN:62,(anonymous_5)
FN:92,(anonymous_6)
FNF:7
FNH:3
FNDA:1,(anonymous_0)
FNDA:1,(anonymous_1)
FNDA:1,(anonymous_2)
FNDA:0,(anonymous_3)
FNDA:0,(anonymous_4)
FNDA:0,(anonymous_5)
FNDA:0,(anonymous_6)
DA:2,1
DA:3,1
DA:4,1
DA:5,1
DA:7,1
DA:9,1
DA:10,1
DA:11,1
DA:18,1
DA:20,1
DA:21,0
DA:26,1
DA:28,1
DA:30,1
DA:37,1
DA:45,1
DA:49,0
DA:53,0
DA:55,0
DA:56,0
DA:59,0
DA:63,0
DA:65,0
DA:66,0
DA:69,0
DA:70,0
DA:72,0
DA:79,0
DA:81,0
DA:89,0
DA:93,0
DA:95,0
DA:96,0
DA:99,0
DA:101,0
LF:35
LH:15
BRDA:9,0,0,0
BRDA:10,1,0,0
BRDA:11,2,0,0
BRDA:20,3,0,0
BRDA:20,4,0,1
BRDA:20,4,1,1
BRDA:39,5,0,1
BRDA:39,5,1,0
BRDA:55,6,0,0
BRDA:55,7,0,0
BRDA:55,7,1,0
BRDA:65,8,0,0
BRDA:65,9,0,0
BRDA:65,9,1,0
BRDA:69,10,0,0
BRDA:69,10,1,0
BRDA:95,11,0,0
BRDA:95,12,0,0
BRDA:95,12,1,0
BRF:19
BRH:3
end_of_record
TN:
SF:src\utils\api-error.ts
FN:4,(anonymous_0)
FNF:1
FNH:1
FNDA:2,(anonymous_0)
DA:1,3
DA:5,2
DA:6,2
LF:3
LH:3
BRF:0
BRH:0
end_of_record
